checking string input: オバマ狙撃部隊  
(☝ ՞ਊ ՞)▄︻┻┳═一 
 ʅ（´◔౪◔)▄︻▇〓▄︻┻┳═一  
☝( ◠‿◠ )▄︻┻═＝ 
 ( ━☞´◔‿ゝ◔`)▄︻┻┳══━一
<?xml version="1.0" encoding="UTF-8"?>
<?xml-stylesheet href="CoreNLP-to-HTML.xsl" type="text/xsl"?>
<root>
  <document>
    <sentences>
      <sentence id="1" sentimentValue="0" sentiment="Verynegative">
        <tokens>
          <token id="1">
            <word>オバマ狙撃部隊</word>
            <CharacterOffsetBegin>0</CharacterOffsetBegin>
            <CharacterOffsetEnd>7</CharacterOffsetEnd>
            <POS>NN</POS>
          </token>
          <token id="2">
            <word>-LRB-</word>
            <CharacterOffsetBegin>10</CharacterOffsetBegin>
            <CharacterOffsetEnd>11</CharacterOffsetEnd>
            <POS>-LRB-</POS>
          </token>
          <token id="3">
            <word>☝</word>
            <CharacterOffsetBegin>11</CharacterOffsetBegin>
            <CharacterOffsetEnd>12</CharacterOffsetEnd>
            <POS>CD</POS>
          </token>
          <token id="4">
            <word>՞ਊ</word>
            <CharacterOffsetBegin>13</CharacterOffsetBegin>
            <CharacterOffsetEnd>15</CharacterOffsetEnd>
            <POS>CD</POS>
          </token>
          <token id="5">
            <word>՞</word>
            <CharacterOffsetBegin>16</CharacterOffsetBegin>
            <CharacterOffsetEnd>17</CharacterOffsetEnd>
            <POS>NN</POS>
          </token>
          <token id="6">
            <word>-RRB-</word>
            <CharacterOffsetBegin>17</CharacterOffsetBegin>
            <CharacterOffsetEnd>18</CharacterOffsetEnd>
            <POS>-RRB-</POS>
          </token>
          <token id="7">
            <word>▄</word>
            <CharacterOffsetBegin>18</CharacterOffsetBegin>
            <CharacterOffsetEnd>19</CharacterOffsetEnd>
            <POS>CD</POS>
          </token>
          <token id="8">
            <word>┻</word>
            <CharacterOffsetBegin>20</CharacterOffsetBegin>
            <CharacterOffsetEnd>21</CharacterOffsetEnd>
            <POS>CD</POS>
          </token>
          <token id="9">
            <word>┳</word>
            <CharacterOffsetBegin>21</CharacterOffsetBegin>
            <CharacterOffsetEnd>22</CharacterOffsetEnd>
            <POS>CD</POS>
          </token>
          <token id="10">
            <word>═</word>
            <CharacterOffsetBegin>22</CharacterOffsetBegin>
            <CharacterOffsetEnd>23</CharacterOffsetEnd>
            <POS>CD</POS>
          </token>
          <token id="11">
            <word>一</word>
            <CharacterOffsetBegin>23</CharacterOffsetBegin>
            <CharacterOffsetEnd>24</CharacterOffsetEnd>
            <POS>NN</POS>
          </token>
          <token id="12">
            <word>ʅ</word>
            <CharacterOffsetBegin>27</CharacterOffsetBegin>
            <CharacterOffsetEnd>28</CharacterOffsetEnd>
            <POS>NN</POS>
          </token>
          <token id="13">
            <word>（</word>
            <CharacterOffsetBegin>28</CharacterOffsetBegin>
            <CharacterOffsetEnd>29</CharacterOffsetEnd>
            <POS>CD</POS>
          </token>
          <token id="14">
            <word>´</word>
            <CharacterOffsetBegin>29</CharacterOffsetBegin>
            <CharacterOffsetEnd>30</CharacterOffsetEnd>
            <POS>CD</POS>
          </token>
          <token id="15">
            <word>◔</word>
            <CharacterOffsetBegin>30</CharacterOffsetBegin>
            <CharacterOffsetEnd>31</CharacterOffsetEnd>
            <POS>NN</POS>
          </token>
          <token id="16">
            <word>౪</word>
            <CharacterOffsetBegin>31</CharacterOffsetBegin>
            <CharacterOffsetEnd>32</CharacterOffsetEnd>
            <POS>CD</POS>
          </token>
          <token id="17">
            <word>◔</word>
            <CharacterOffsetBegin>32</CharacterOffsetBegin>
            <CharacterOffsetEnd>33</CharacterOffsetEnd>
            <POS>NN</POS>
          </token>
          <token id="18">
            <word>-RRB-</word>
            <CharacterOffsetBegin>33</CharacterOffsetBegin>
            <CharacterOffsetEnd>34</CharacterOffsetEnd>
            <POS>-RRB-</POS>
          </token>
          <token id="19">
            <word>▄</word>
            <CharacterOffsetBegin>34</CharacterOffsetBegin>
            <CharacterOffsetEnd>35</CharacterOffsetEnd>
            <POS>CD</POS>
          </token>
          <token id="20">
            <word>▇</word>
            <CharacterOffsetBegin>36</CharacterOffsetBegin>
            <CharacterOffsetEnd>37</CharacterOffsetEnd>
            <POS>CD</POS>
          </token>
          <token id="21">
            <word>▄</word>
            <CharacterOffsetBegin>38</CharacterOffsetBegin>
            <CharacterOffsetEnd>39</CharacterOffsetEnd>
            <POS>NN</POS>
          </token>
          <token id="22">
            <word>┻</word>
            <CharacterOffsetBegin>40</CharacterOffsetBegin>
            <CharacterOffsetEnd>41</CharacterOffsetEnd>
            <POS>CD</POS>
          </token>
          <token id="23">
            <word>┳</word>
            <CharacterOffsetBegin>41</CharacterOffsetBegin>
            <CharacterOffsetEnd>42</CharacterOffsetEnd>
            <POS>CD</POS>
          </token>
          <token id="24">
            <word>═</word>
            <CharacterOffsetBegin>42</CharacterOffsetBegin>
            <CharacterOffsetEnd>43</CharacterOffsetEnd>
            <POS>NN</POS>
          </token>
          <token id="25">
            <word>一</word>
            <CharacterOffsetBegin>43</CharacterOffsetBegin>
            <CharacterOffsetEnd>44</CharacterOffsetEnd>
            <POS>CD</POS>
          </token>
          <token id="26">
            <word>☝</word>
            <CharacterOffsetBegin>47</CharacterOffsetBegin>
            <CharacterOffsetEnd>48</CharacterOffsetEnd>
            <POS>NN</POS>
          </token>
          <token id="27">
            <word>-LRB-</word>
            <CharacterOffsetBegin>48</CharacterOffsetBegin>
            <CharacterOffsetEnd>49</CharacterOffsetEnd>
            <POS>-LRB-</POS>
          </token>
          <token id="28">
            <word>◠</word>
            <CharacterOffsetBegin>50</CharacterOffsetBegin>
            <CharacterOffsetEnd>51</CharacterOffsetEnd>
            <POS>CD</POS>
          </token>
          <token id="29">
            <word>‿</word>
            <CharacterOffsetBegin>51</CharacterOffsetBegin>
            <CharacterOffsetEnd>52</CharacterOffsetEnd>
            <POS>CD</POS>
          </token>
          <token id="30">
            <word>◠</word>
            <CharacterOffsetBegin>52</CharacterOffsetBegin>
            <CharacterOffsetEnd>53</CharacterOffsetEnd>
            <POS>NN</POS>
          </token>
          <token id="31">
            <word>-RRB-</word>
            <CharacterOffsetBegin>54</CharacterOffsetBegin>
            <CharacterOffsetEnd>55</CharacterOffsetEnd>
            <POS>-RRB-</POS>
          </token>
          <token id="32">
            <word>▄</word>
            <CharacterOffsetBegin>55</CharacterOffsetBegin>
            <CharacterOffsetEnd>56</CharacterOffsetEnd>
            <POS>CD</POS>
          </token>
          <token id="33">
            <word>┻</word>
            <CharacterOffsetBegin>57</CharacterOffsetBegin>
            <CharacterOffsetEnd>58</CharacterOffsetEnd>
            <POS>CD</POS>
          </token>
          <token id="34">
            <word>═</word>
            <CharacterOffsetBegin>58</CharacterOffsetBegin>
            <CharacterOffsetEnd>59</CharacterOffsetEnd>
            <POS>CD</POS>
          </token>
          <token id="35">
            <word>＝</word>
            <CharacterOffsetBegin>59</CharacterOffsetBegin>
            <CharacterOffsetEnd>60</CharacterOffsetEnd>
            <POS>NN</POS>
          </token>
          <token id="36">
            <word>-LRB-</word>
            <CharacterOffsetBegin>63</CharacterOffsetBegin>
            <CharacterOffsetEnd>64</CharacterOffsetEnd>
            <POS>-LRB-</POS>
          </token>
          <token id="37">
            <word>━</word>
            <CharacterOffsetBegin>65</CharacterOffsetBegin>
            <CharacterOffsetEnd>66</CharacterOffsetEnd>
            <POS>CD</POS>
          </token>
          <token id="38">
            <word>☞</word>
            <CharacterOffsetBegin>66</CharacterOffsetBegin>
            <CharacterOffsetEnd>67</CharacterOffsetEnd>
            <POS>CD</POS>
          </token>
          <token id="39">
            <word>´</word>
            <CharacterOffsetBegin>67</CharacterOffsetBegin>
            <CharacterOffsetEnd>68</CharacterOffsetEnd>
            <POS>NN</POS>
          </token>
          <token id="40">
            <word>◔</word>
            <CharacterOffsetBegin>68</CharacterOffsetBegin>
            <CharacterOffsetEnd>69</CharacterOffsetEnd>
            <POS>CD</POS>
          </token>
          <token id="41">
            <word>‿</word>
            <CharacterOffsetBegin>69</CharacterOffsetBegin>
            <CharacterOffsetEnd>70</CharacterOffsetEnd>
            <POS>CD</POS>
          </token>
          <token id="42">
            <word>ゝ</word>
            <CharacterOffsetBegin>70</CharacterOffsetBegin>
            <CharacterOffsetEnd>71</CharacterOffsetEnd>
            <POS>NN</POS>
          </token>
          <token id="43">
            <word>◔</word>
            <CharacterOffsetBegin>71</CharacterOffsetBegin>
            <CharacterOffsetEnd>72</CharacterOffsetEnd>
            <POS>CD</POS>
          </token>
          <token id="44">
            <word>`</word>
            <CharacterOffsetBegin>72</CharacterOffsetBegin>
            <CharacterOffsetEnd>73</CharacterOffsetEnd>
            <POS>``</POS>
          </token>
          <token id="45">
            <word>-RRB-</word>
            <CharacterOffsetBegin>73</CharacterOffsetBegin>
            <CharacterOffsetEnd>74</CharacterOffsetEnd>
            <POS>-RRB-</POS>
          </token>
          <token id="46">
            <word>▄</word>
            <CharacterOffsetBegin>74</CharacterOffsetBegin>
            <CharacterOffsetEnd>75</CharacterOffsetEnd>
            <POS>FW</POS>
          </token>
          <token id="47">
            <word>┻</word>
            <CharacterOffsetBegin>76</CharacterOffsetBegin>
            <CharacterOffsetEnd>77</CharacterOffsetEnd>
            <POS>FW</POS>
          </token>
          <token id="48">
            <word>┳</word>
            <CharacterOffsetBegin>77</CharacterOffsetBegin>
            <CharacterOffsetEnd>78</CharacterOffsetEnd>
            <POS>FW</POS>
          </token>
          <token id="49">
            <word>═</word>
            <CharacterOffsetBegin>78</CharacterOffsetBegin>
            <CharacterOffsetEnd>79</CharacterOffsetEnd>
            <POS>FW</POS>
          </token>
          <token id="50">
            <word>═</word>
            <CharacterOffsetBegin>79</CharacterOffsetBegin>
            <CharacterOffsetEnd>80</CharacterOffsetEnd>
            <POS>FW</POS>
          </token>
          <token id="51">
            <word>━</word>
            <CharacterOffsetBegin>80</CharacterOffsetBegin>
            <CharacterOffsetEnd>81</CharacterOffsetEnd>
            <POS>FW</POS>
          </token>
          <token id="52">
            <word>一</word>
            <CharacterOffsetBegin>81</CharacterOffsetBegin>
            <CharacterOffsetEnd>82</CharacterOffsetEnd>
            <POS>FW</POS>
          </token>
        </tokens>
        <parse>(ROOT (NP (NP (NP (NP (NN オバマ狙撃部隊)) (PRN (-LRB- -LRB-) (NP (QP (CD ☝) (CD ՞ਊ)) (NN ՞)) (-RRB- -RRB-))) (SBAR (WHNP (NP (CD ▄)) (PRN (NP (NP (CD ┻)) (NP (NP (QP (CD ┳) (CD ═)) (NN 一) (NN ʅ) (ADJP (QP (CD （) (CD ´))) (NN ◔)) (NP (CD ౪) (NN ◔)))) (-RRB- -RRB-))) (S (NP (NP (NP (QP (CD ▄) (CD ▇)) (NN ▄)) (QP (CD ┻) (CD ┳))) (ADJP (NN ═) (CD 一))) (VP (NN ☝) (PRN (-LRB- -LRB-) (NP (QP (CD ◠) (CD ‿)) (NN ◠)) (-RRB- -RRB-)) (NP (NP (NP (QP (CD ▄) (CD ┻))) (NP (CD ═) (NN ＝))) (PRN (-LRB- -LRB-) (NP (NP (NP (QP (CD ━) (CD ☞)) (NN ´)) (ADJP (QP (CD ◔) (CD ‿)) (NN ゝ))) (NP (CD ◔) (`` `))) (-RRB- -RRB-))))))) (NP (FW ▄) (FW ┻) (FW ┳) (FW ═) (FW ═) (FW ━) (FW 一)))) </parse>
        <dependencies type="basic-dependencies">
          <dep type="root">
            <governor idx="0">ROOT</governor>
            <dependent idx="1">オバマ狙撃部隊</dependent>
          </dep>
          <dep type="punct">
            <governor idx="5">՞</governor>
            <dependent idx="2">-LRB-</dependent>
          </dep>
          <dep type="number">
            <governor idx="4">՞ਊ</governor>
            <dependent idx="3">☝</dependent>
          </dep>
          <dep type="num">
            <governor idx="5">՞</governor>
            <dependent idx="4">՞ਊ</dependent>
          </dep>
          <dep type="appos">
            <governor idx="1">オバマ狙撃部隊</governor>
            <dependent idx="5">՞</dependent>
          </dep>
          <dep type="punct">
            <governor idx="5">՞</governor>
            <dependent idx="6">-RRB-</dependent>
          </dep>
          <dep type="number">
            <governor idx="8">┻</governor>
            <dependent idx="7">▄</dependent>
          </dep>
          <dep type="dep">
            <governor idx="1">オバマ狙撃部隊</governor>
            <dependent idx="8">┻</dependent>
          </dep>
          <dep type="number">
            <governor idx="10">═</governor>
            <dependent idx="9">┳</dependent>
          </dep>
          <dep type="dep">
            <governor idx="8">┻</governor>
            <dependent idx="10">═</dependent>
          </dep>
          <dep type="dep">
            <governor idx="10">═</governor>
            <dependent idx="11">一</dependent>
          </dep>
          <dep type="dep">
            <governor idx="11">一</governor>
            <dependent idx="12">ʅ</dependent>
          </dep>
          <dep type="num">
            <governor idx="17">◔</governor>
            <dependent idx="13">（</dependent>
          </dep>
          <dep type="num">
            <governor idx="17">◔</governor>
            <dependent idx="14">´</dependent>
          </dep>
          <dep type="nn">
            <governor idx="17">◔</governor>
            <dependent idx="15">◔</dependent>
          </dep>
          <dep type="num">
            <governor idx="17">◔</governor>
            <dependent idx="16">౪</dependent>
          </dep>
          <dep type="dep">
            <governor idx="12">ʅ</governor>
            <dependent idx="17">◔</dependent>
          </dep>
          <dep type="punct">
            <governor idx="17">◔</governor>
            <dependent idx="18">-RRB-</dependent>
          </dep>
          <dep type="num">
            <governor idx="26">☝</governor>
            <dependent idx="19">▄</dependent>
          </dep>
          <dep type="num">
            <governor idx="26">☝</governor>
            <dependent idx="20">▇</dependent>
          </dep>
          <dep type="nn">
            <governor idx="26">☝</governor>
            <dependent idx="21">▄</dependent>
          </dep>
          <dep type="num">
            <governor idx="26">☝</governor>
            <dependent idx="22">┻</dependent>
          </dep>
          <dep type="num">
            <governor idx="26">☝</governor>
            <dependent idx="23">┳</dependent>
          </dep>
          <dep type="nn">
            <governor idx="26">☝</governor>
            <dependent idx="24">═</dependent>
          </dep>
          <dep type="num">
            <governor idx="26">☝</governor>
            <dependent idx="25">一</dependent>
          </dep>
          <dep type="dep">
            <governor idx="12">ʅ</governor>
            <dependent idx="26">☝</dependent>
          </dep>
          <dep type="punct">
            <governor idx="30">◠</governor>
            <dependent idx="27">-LRB-</dependent>
          </dep>
          <dep type="number">
            <governor idx="29">‿</governor>
            <dependent idx="28">◠</dependent>
          </dep>
          <dep type="num">
            <governor idx="30">◠</governor>
            <dependent idx="29">‿</dependent>
          </dep>
          <dep type="appos">
            <governor idx="26">☝</governor>
            <dependent idx="30">◠</dependent>
          </dep>
          <dep type="punct">
            <governor idx="30">◠</governor>
            <dependent idx="31">-RRB-</dependent>
          </dep>
          <dep type="number">
            <governor idx="34">═</governor>
            <dependent idx="32">▄</dependent>
          </dep>
          <dep type="number">
            <governor idx="34">═</governor>
            <dependent idx="33">┻</dependent>
          </dep>
          <dep type="num">
            <governor idx="35">＝</governor>
            <dependent idx="34">═</dependent>
          </dep>
          <dep type="appos">
            <governor idx="26">☝</governor>
            <dependent idx="35">＝</dependent>
          </dep>
          <dep type="punct">
            <governor idx="51">━</governor>
            <dependent idx="36">-LRB-</dependent>
          </dep>
          <dep type="number">
            <governor idx="38">☞</governor>
            <dependent idx="37">━</dependent>
          </dep>
          <dep type="num">
            <governor idx="39">´</governor>
            <dependent idx="38">☞</dependent>
          </dep>
          <dep type="dep">
            <governor idx="51">━</governor>
            <dependent idx="39">´</dependent>
          </dep>
          <dep type="number">
            <governor idx="41">‿</governor>
            <dependent idx="40">◔</dependent>
          </dep>
          <dep type="dep">
            <governor idx="39">´</governor>
            <dependent idx="41">‿</dependent>
          </dep>
          <dep type="dep">
            <governor idx="41">‿</governor>
            <dependent idx="42">ゝ</dependent>
          </dep>
          <dep type="num">
            <governor idx="42">ゝ</governor>
            <dependent idx="43">◔</dependent>
          </dep>
          <dep type="punct">
            <governor idx="41">‿</governor>
            <dependent idx="44">`</dependent>
          </dep>
          <dep type="punct">
            <governor idx="51">━</governor>
            <dependent idx="45">-RRB-</dependent>
          </dep>
          <dep type="nn">
            <governor idx="51">━</governor>
            <dependent idx="46">▄</dependent>
          </dep>
          <dep type="nn">
            <governor idx="51">━</governor>
            <dependent idx="47">┻</dependent>
          </dep>
          <dep type="nn">
            <governor idx="51">━</governor>
            <dependent idx="48">┳</dependent>
          </dep>
          <dep type="nn">
            <governor idx="51">━</governor>
            <dependent idx="49">═</dependent>
          </dep>
          <dep type="nn">
            <governor idx="51">━</governor>
            <dependent idx="50">═</dependent>
          </dep>
          <dep type="dep">
            <governor idx="35">＝</governor>
            <dependent idx="51">━</dependent>
          </dep>
          <dep type="dep">
            <governor idx="51">━</governor>
            <dependent idx="52">一</dependent>
          </dep>
        </dependencies>
        <dependencies type="collapsed-dependencies">
          <dep type="root">
            <governor idx="0">ROOT</governor>
            <dependent idx="1">オバマ狙撃部隊</dependent>
          </dep>
          <dep type="punct">
            <governor idx="5">՞</governor>
            <dependent idx="2">-LRB-</dependent>
          </dep>
          <dep type="number">
            <governor idx="4">՞ਊ</governor>
            <dependent idx="3">☝</dependent>
          </dep>
          <dep type="num">
            <governor idx="5">՞</governor>
            <dependent idx="4">՞ਊ</dependent>
          </dep>
          <dep type="appos">
            <governor idx="1">オバマ狙撃部隊</governor>
            <dependent idx="5">՞</dependent>
          </dep>
          <dep type="punct">
            <governor idx="5">՞</governor>
            <dependent idx="6">-RRB-</dependent>
          </dep>
          <dep type="number">
            <governor idx="8">┻</governor>
            <dependent idx="7">▄</dependent>
          </dep>
          <dep type="dep">
            <governor idx="1">オバマ狙撃部隊</governor>
            <dependent idx="8">┻</dependent>
          </dep>
          <dep type="number">
            <governor idx="10">═</governor>
            <dependent idx="9">┳</dependent>
          </dep>
          <dep type="dep">
            <governor idx="8">┻</governor>
            <dependent idx="10">═</dependent>
          </dep>
          <dep type="dep">
            <governor idx="10">═</governor>
            <dependent idx="11">一</dependent>
          </dep>
          <dep type="dep">
            <governor idx="11">一</governor>
            <dependent idx="12">ʅ</dependent>
          </dep>
          <dep type="num">
            <governor idx="17">◔</governor>
            <dependent idx="13">（</dependent>
          </dep>
          <dep type="num">
            <governor idx="17">◔</governor>
            <dependent idx="14">´</dependent>
          </dep>
          <dep type="nn">
            <governor idx="17">◔</governor>
            <dependent idx="15">◔</dependent>
          </dep>
          <dep type="num">
            <governor idx="17">◔</governor>
            <dependent idx="16">౪</dependent>
          </dep>
          <dep type="dep">
            <governor idx="12">ʅ</governor>
            <dependent idx="17">◔</dependent>
          </dep>
          <dep type="punct">
            <governor idx="17">◔</governor>
            <dependent idx="18">-RRB-</dependent>
          </dep>
          <dep type="num">
            <governor idx="26">☝</governor>
            <dependent idx="19">▄</dependent>
          </dep>
          <dep type="num">
            <governor idx="26">☝</governor>
            <dependent idx="20">▇</dependent>
          </dep>
          <dep type="nn">
            <governor idx="26">☝</governor>
            <dependent idx="21">▄</dependent>
          </dep>
          <dep type="num">
            <governor idx="26">☝</governor>
            <dependent idx="22">┻</dependent>
          </dep>
          <dep type="num">
            <governor idx="26">☝</governor>
            <dependent idx="23">┳</dependent>
          </dep>
          <dep type="nn">
            <governor idx="26">☝</governor>
            <dependent idx="24">═</dependent>
          </dep>
          <dep type="num">
            <governor idx="26">☝</governor>
            <dependent idx="25">一</dependent>
          </dep>
          <dep type="dep">
            <governor idx="12">ʅ</governor>
            <dependent idx="26">☝</dependent>
          </dep>
          <dep type="punct">
            <governor idx="30">◠</governor>
            <dependent idx="27">-LRB-</dependent>
          </dep>
          <dep type="number">
            <governor idx="29">‿</governor>
            <dependent idx="28">◠</dependent>
          </dep>
          <dep type="num">
            <governor idx="30">◠</governor>
            <dependent idx="29">‿</dependent>
          </dep>
          <dep type="appos">
            <governor idx="26">☝</governor>
            <dependent idx="30">◠</dependent>
          </dep>
          <dep type="punct">
            <governor idx="30">◠</governor>
            <dependent idx="31">-RRB-</dependent>
          </dep>
          <dep type="number">
            <governor idx="34">═</governor>
            <dependent idx="32">▄</dependent>
          </dep>
          <dep type="number">
            <governor idx="34">═</governor>
            <dependent idx="33">┻</dependent>
          </dep>
          <dep type="num">
            <governor idx="35">＝</governor>
            <dependent idx="34">═</dependent>
          </dep>
          <dep type="appos">
            <governor idx="26">☝</governor>
            <dependent idx="35">＝</dependent>
          </dep>
          <dep type="punct">
            <governor idx="51">━</governor>
            <dependent idx="36">-LRB-</dependent>
          </dep>
          <dep type="number">
            <governor idx="38">☞</governor>
            <dependent idx="37">━</dependent>
          </dep>
          <dep type="num">
            <governor idx="39">´</governor>
            <dependent idx="38">☞</dependent>
          </dep>
          <dep type="dep">
            <governor idx="51">━</governor>
            <dependent idx="39">´</dependent>
          </dep>
          <dep type="number">
            <governor idx="41">‿</governor>
            <dependent idx="40">◔</dependent>
          </dep>
          <dep type="dep">
            <governor idx="39">´</governor>
            <dependent idx="41">‿</dependent>
          </dep>
          <dep type="dep">
            <governor idx="41">‿</governor>
            <dependent idx="42">ゝ</dependent>
          </dep>
          <dep type="num">
            <governor idx="42">ゝ</governor>
            <dependent idx="43">◔</dependent>
          </dep>
          <dep type="punct">
            <governor idx="41">‿</governor>
            <dependent idx="44">`</dependent>
          </dep>
          <dep type="punct">
            <governor idx="51">━</governor>
            <dependent idx="45">-RRB-</dependent>
          </dep>
          <dep type="nn">
            <governor idx="51">━</governor>
            <dependent idx="46">▄</dependent>
          </dep>
          <dep type="nn">
            <governor idx="51">━</governor>
            <dependent idx="47">┻</dependent>
          </dep>
          <dep type="nn">
            <governor idx="51">━</governor>
            <dependent idx="48">┳</dependent>
          </dep>
          <dep type="nn">
            <governor idx="51">━</governor>
            <dependent idx="49">═</dependent>
          </dep>
          <dep type="nn">
            <governor idx="51">━</governor>
            <dependent idx="50">═</dependent>
          </dep>
          <dep type="dep">
            <governor idx="35">＝</governor>
            <dependent idx="51">━</dependent>
          </dep>
          <dep type="dep">
            <governor idx="51">━</governor>
            <dependent idx="52">一</dependent>
          </dep>
        </dependencies>
        <dependencies type="collapsed-ccprocessed-dependencies">
          <dep type="root">
            <governor idx="0">ROOT</governor>
            <dependent idx="1">オバマ狙撃部隊</dependent>
          </dep>
          <dep type="punct">
            <governor idx="5">՞</governor>
            <dependent idx="2">-LRB-</dependent>
          </dep>
          <dep type="number">
            <governor idx="4">՞ਊ</governor>
            <dependent idx="3">☝</dependent>
          </dep>
          <dep type="num">
            <governor idx="5">՞</governor>
            <dependent idx="4">՞ਊ</dependent>
          </dep>
          <dep type="appos">
            <governor idx="1">オバマ狙撃部隊</governor>
            <dependent idx="5">՞</dependent>
          </dep>
          <dep type="punct">
            <governor idx="5">՞</governor>
            <dependent idx="6">-RRB-</dependent>
          </dep>
          <dep type="number">
            <governor idx="8">┻</governor>
            <dependent idx="7">▄</dependent>
          </dep>
          <dep type="dep">
            <governor idx="1">オバマ狙撃部隊</governor>
            <dependent idx="8">┻</dependent>
          </dep>
          <dep type="number">
            <governor idx="10">═</governor>
            <dependent idx="9">┳</dependent>
          </dep>
          <dep type="dep">
            <governor idx="8">┻</governor>
            <dependent idx="10">═</dependent>
          </dep>
          <dep type="dep">
            <governor idx="10">═</governor>
            <dependent idx="11">一</dependent>
          </dep>
          <dep type="dep">
            <governor idx="11">一</governor>
            <dependent idx="12">ʅ</dependent>
          </dep>
          <dep type="num">
            <governor idx="17">◔</governor>
            <dependent idx="13">（</dependent>
          </dep>
          <dep type="num">
            <governor idx="17">◔</governor>
            <dependent idx="14">´</dependent>
          </dep>
          <dep type="nn">
            <governor idx="17">◔</governor>
            <dependent idx="15">◔</dependent>
          </dep>
          <dep type="num">
            <governor idx="17">◔</governor>
            <dependent idx="16">౪</dependent>
          </dep>
          <dep type="dep">
            <governor idx="12">ʅ</governor>
            <dependent idx="17">◔</dependent>
          </dep>
          <dep type="punct">
            <governor idx="17">◔</governor>
            <dependent idx="18">-RRB-</dependent>
          </dep>
          <dep type="num">
            <governor idx="26">☝</governor>
            <dependent idx="19">▄</dependent>
          </dep>
          <dep type="num">
            <governor idx="26">☝</governor>
            <dependent idx="20">▇</dependent>
          </dep>
          <dep type="nn">
            <governor idx="26">☝</governor>
            <dependent idx="21">▄</dependent>
          </dep>
          <dep type="num">
            <governor idx="26">☝</governor>
            <dependent idx="22">┻</dependent>
          </dep>
          <dep type="num">
            <governor idx="26">☝</governor>
            <dependent idx="23">┳</dependent>
          </dep>
          <dep type="nn">
            <governor idx="26">☝</governor>
            <dependent idx="24">═</dependent>
          </dep>
          <dep type="num">
            <governor idx="26">☝</governor>
            <dependent idx="25">一</dependent>
          </dep>
          <dep type="dep">
            <governor idx="12">ʅ</governor>
            <dependent idx="26">☝</dependent>
          </dep>
          <dep type="punct">
            <governor idx="30">◠</governor>
            <dependent idx="27">-LRB-</dependent>
          </dep>
          <dep type="number">
            <governor idx="29">‿</governor>
            <dependent idx="28">◠</dependent>
          </dep>
          <dep type="num">
            <governor idx="30">◠</governor>
            <dependent idx="29">‿</dependent>
          </dep>
          <dep type="appos">
            <governor idx="26">☝</governor>
            <dependent idx="30">◠</dependent>
          </dep>
          <dep type="punct">
            <governor idx="30">◠</governor>
            <dependent idx="31">-RRB-</dependent>
          </dep>
          <dep type="number">
            <governor idx="34">═</governor>
            <dependent idx="32">▄</dependent>
          </dep>
          <dep type="number">
            <governor idx="34">═</governor>
            <dependent idx="33">┻</dependent>
          </dep>
          <dep type="num">
            <governor idx="35">＝</governor>
            <dependent idx="34">═</dependent>
          </dep>
          <dep type="appos">
            <governor idx="26">☝</governor>
            <dependent idx="35">＝</dependent>
          </dep>
          <dep type="punct">
            <governor idx="51">━</governor>
            <dependent idx="36">-LRB-</dependent>
          </dep>
          <dep type="number">
            <governor idx="38">☞</governor>
            <dependent idx="37">━</dependent>
          </dep>
          <dep type="num">
            <governor idx="39">´</governor>
            <dependent idx="38">☞</dependent>
          </dep>
          <dep type="dep">
            <governor idx="51">━</governor>
            <dependent idx="39">´</dependent>
          </dep>
          <dep type="number">
            <governor idx="41">‿</governor>
            <dependent idx="40">◔</dependent>
          </dep>
          <dep type="dep">
            <governor idx="39">´</governor>
            <dependent idx="41">‿</dependent>
          </dep>
          <dep type="dep">
            <governor idx="41">‿</governor>
            <dependent idx="42">ゝ</dependent>
          </dep>
          <dep type="num">
            <governor idx="42">ゝ</governor>
            <dependent idx="43">◔</dependent>
          </dep>
          <dep type="punct">
            <governor idx="41">‿</governor>
            <dependent idx="44">`</dependent>
          </dep>
          <dep type="punct">
            <governor idx="51">━</governor>
            <dependent idx="45">-RRB-</dependent>
          </dep>
          <dep type="nn">
            <governor idx="51">━</governor>
            <dependent idx="46">▄</dependent>
          </dep>
          <dep type="nn">
            <governor idx="51">━</governor>
            <dependent idx="47">┻</dependent>
          </dep>
          <dep type="nn">
            <governor idx="51">━</governor>
            <dependent idx="48">┳</dependent>
          </dep>
          <dep type="nn">
            <governor idx="51">━</governor>
            <dependent idx="49">═</dependent>
          </dep>
          <dep type="nn">
            <governor idx="51">━</governor>
            <dependent idx="50">═</dependent>
          </dep>
          <dep type="dep">
            <governor idx="35">＝</governor>
            <dependent idx="51">━</dependent>
          </dep>
          <dep type="dep">
            <governor idx="51">━</governor>
            <dependent idx="52">一</dependent>
          </dep>
        </dependencies>
      </sentence>
    </sentences>
  </document>
</root>

